<?xml version="1.0" encoding="UTF-8"?>
<!-- Generated by org.testng.reporters.JUnitXMLReporter -->
<testsuite ignored="0" hostname="DESKTOP-V3KNEUO" failures="1" tests="1" name="Surefire test" time="33.775" errors="0" timestamp="2025-01-06T17:56:33 IST">
  <testcase classname="com.all.tests.TestCases" name="testExample" time="24.329">
    <failure type="org.openqa.selenium.TimeoutException" message="Expected condition failed: waiting for element to be clickable: By.xpath: //innput[@id=&amp;apos;fromCity&amp;apos;] (tried for 15 second(s) with 500 milliseconds interval)
Build info: version: &amp;apos;4.27.0&amp;apos;, revision: &amp;apos;d6e718d134&amp;apos;
System info: os.name: &amp;apos;Windows 10&amp;apos;, os.arch: &amp;apos;amd64&amp;apos;, os.version: &amp;apos;10.0&amp;apos;, java.version: &amp;apos;21.0.5&amp;apos;
Driver info: org.openqa.selenium.firefox.FirefoxDriver
Capabilities {acceptInsecureCerts: true, browserName: firefox, browserVersion: 133.0.3, moz:accessibilityChecks: false, moz:buildID: 20241209150345, moz:debuggerAddress: 127.0.0.1:28616, moz:geckodriverVersion: 0.35.0, moz:headless: false, moz:platformVersion: 10.0, moz:processID: 6900, moz:profile: C:\Users\aa\AppData\Local\T..., moz:shutdownTimeout: 60000, moz:webdriverClick: true, moz:windowless: false, pageLoadStrategy: normal, platformName: windows, proxy: Proxy(), se:cdp: ws://127.0.0.1:28616/devtoo..., se:cdpVersion: 85.0, setWindowRect: true, strictFileInteractability: false, timeouts: {implicit: 0, pageLoad: 300000, script: 30000}, unhandledPromptBehavior: dismiss and notify, userAgent: Mozilla/5.0 (Windows NT 10....}
Session ID: 9bbd7ded-d191-44d7-b0dc-4e9e9677f99d">
      <![CDATA[org.openqa.selenium.TimeoutException: Expected condition failed: waiting for element to be clickable: By.xpath: //innput[@id='fromCity'] (tried for 15 second(s) with 500 milliseconds interval)
Build info: version: '4.27.0', revision: 'd6e718d134'
System info: os.name: 'Windows 10', os.arch: 'amd64', os.version: '10.0', java.version: '21.0.5'
Driver info: org.openqa.selenium.firefox.FirefoxDriver
Capabilities {acceptInsecureCerts: true, browserName: firefox, browserVersion: 133.0.3, moz:accessibilityChecks: false, moz:buildID: 20241209150345, moz:debuggerAddress: 127.0.0.1:28616, moz:geckodriverVersion: 0.35.0, moz:headless: false, moz:platformVersion: 10.0, moz:processID: 6900, moz:profile: C:\Users\aa\AppData\Local\T..., moz:shutdownTimeout: 60000, moz:webdriverClick: true, moz:windowless: false, pageLoadStrategy: normal, platformName: windows, proxy: Proxy(), se:cdp: ws://127.0.0.1:28616/devtoo..., se:cdpVersion: 85.0, setWindowRect: true, strictFileInteractability: false, timeouts: {implicit: 0, pageLoad: 300000, script: 30000}, unhandledPromptBehavior: dismiss and notify, userAgent: Mozilla/5.0 (Windows NT 10....}
Session ID: 9bbd7ded-d191-44d7-b0dc-4e9e9677f99d
at org.openqa.selenium.support.ui.WebDriverWait.timeoutException(WebDriverWait.java:84)
at org.openqa.selenium.support.ui.FluentWait.until(FluentWait.java:228)
at com.all.utility.Utility.click(Utility.java:35)
at com.all.pages.Page.enterFromLocation(Page.java:22)
at com.all.tests.TestCases.testExample(TestCases.java:46)
at java.base/java.util.ArrayList.forEach(ArrayList.java:1596)
... Removed 30 stack frames]]>
    </failure>
  </testcase> <!-- testExample -->
</testsuite> <!-- Surefire test -->
