-------------------------------------------------------------------------------
Test set: com.all.tests.TestCases
-------------------------------------------------------------------------------
Tests run: 1, Failures: 1, Errors: 0, Skipped: 0, Time elapsed: 38.457 s <<< FAILURE! - in com.all.tests.TestCases
testExample(com.all.tests.TestCases)  Time elapsed: 24.146 s  <<< FAILURE!
org.openqa.selenium.TimeoutException: 
Expected condition failed: waiting for element to be clickable: By.xpath: //innput[@id='fromCity'] (tried for 15 second(s) with 500 milliseconds interval)
Build info: version: '4.27.0', revision: 'd6e718d134'
System info: os.name: 'Windows 10', os.arch: 'amd64', os.version: '10.0', java.version: '21.0.5'
Driver info: org.openqa.selenium.firefox.FirefoxDriver
Capabilities {acceptInsecureCerts: true, browserName: firefox, browserVersion: 133.0.3, moz:accessibilityChecks: false, moz:buildID: 20241209150345, moz:debuggerAddress: 127.0.0.1:28616, moz:geckodriverVersion: 0.35.0, moz:headless: false, moz:platformVersion: 10.0, moz:processID: 6900, moz:profile: C:\Users\aa\AppData\Local\T..., moz:shutdownTimeout: 60000, moz:webdriverClick: true, moz:windowless: false, pageLoadStrategy: normal, platformName: windows, proxy: Proxy(), se:cdp: ws://127.0.0.1:28616/devtoo..., se:cdpVersion: 85.0, setWindowRect: true, strictFileInteractability: false, timeouts: {implicit: 0, pageLoad: 300000, script: 30000}, unhandledPromptBehavior: dismiss and notify, userAgent: Mozilla/5.0 (Windows NT 10....}
Session ID: 9bbd7ded-d191-44d7-b0dc-4e9e9677f99d
	at com.all.tests.TestCases.testExample(TestCases.java:46)

